<?xml version="1.0" encoding="UTF-8"?>
<testng-results ignored="0" total="2" passed="2" failed="0" skipped="0">
  <reporter-output>
  </reporter-output>
  <suite started-at="2025-03-25T17:53:43 IST" name="Default suite" finished-at="2025-03-25T17:53:43 IST" duration-ms="59">
    <groups>
    </groups>
    <test started-at="2025-03-25T17:53:43 IST" name="Default test" finished-at="2025-03-25T17:53:43 IST" duration-ms="59">
      <class name="junit_pkg.newtest1">
        <test-method is-config="true" signature="beforeclass()[pri:0, instance:junit_pkg.newtest1@45099dd3]" started-at="2025-03-25T17:53:43 IST" name="beforeclass" finished-at="2025-03-25T17:53:43 IST" duration-ms="13" status="PASS">
          <reporter-output>
          </reporter-output>
        </test-method> <!-- beforeclass -->
        <test-method is-config="true" signature="bm()[pri:0, instance:junit_pkg.newtest1@45099dd3]" started-at="2025-03-25T17:53:43 IST" name="bm" finished-at="2025-03-25T17:53:43 IST" duration-ms="1" status="PASS">
          <reporter-output>
          </reporter-output>
        </test-method> <!-- bm -->
        <test-method signature="test1()[pri:0, instance:junit_pkg.newtest1@45099dd3]" started-at="2025-03-25T17:53:43 IST" name="test1" finished-at="2025-03-25T17:53:43 IST" duration-ms="4" status="PASS">
          <reporter-output>
          </reporter-output>
        </test-method> <!-- test1 -->
        <test-method is-config="true" signature="teardown()[pri:0, instance:junit_pkg.newtest1@45099dd3]" started-at="2025-03-25T17:53:43 IST" name="teardown" finished-at="2025-03-25T17:53:43 IST" duration-ms="0" status="PASS">
          <reporter-output>
          </reporter-output>
        </test-method> <!-- teardown -->
        <test-method signature="test2()[pri:0, instance:junit_pkg.newtest1@45099dd3]" started-at="2025-03-25T17:53:43 IST" name="test2" finished-at="2025-03-25T17:53:43 IST" duration-ms="1" status="PASS">
          <reporter-output>
          </reporter-output>
        </test-method> <!-- test2 -->
        <test-method is-config="true" signature="bm()[pri:0, instance:junit_pkg.newtest1@45099dd3]" started-at="2025-03-25T17:53:43 IST" name="bm" finished-at="2025-03-25T17:53:43 IST" duration-ms="0" status="PASS">
          <reporter-output>
          </reporter-output>
        </test-method> <!-- bm -->
        <test-method is-config="true" signature="teardown()[pri:0, instance:junit_pkg.newtest1@45099dd3]" started-at="2025-03-25T17:53:43 IST" name="teardown" finished-at="2025-03-25T17:53:43 IST" duration-ms="1" status="PASS">
          <reporter-output>
          </reporter-output>
        </test-method> <!-- teardown -->
        <test-method is-config="true" signature="afterclass()[pri:0, instance:junit_pkg.newtest1@45099dd3]" started-at="2025-03-25T17:53:43 IST" name="afterclass" finished-at="2025-03-25T17:53:43 IST" duration-ms="1" status="PASS">
          <reporter-output>
          </reporter-output>
        </test-method> <!-- afterclass -->
      </class> <!-- junit_pkg.newtest1 -->
    </test> <!-- Default test -->
  </suite> <!-- Default suite -->
</testng-results>
