<?xml version="1.0" encoding="UTF-8"?>
<!-- Generated by org.testng.reporters.JUnitXMLReporter -->
<testsuite ignored="0" hostname="WKSBAN36CHATR08" failures="0" tests="4" name="Parameter Test" time="0.05" errors="0" timestamp="2025-03-27T14:29:40 IST">
  <testcase classname="pkg1.new_groups" name="t1" time="0.007"/>
  <testcase classname="pkg1.new_groups" name="t2" time="0.001"/>
  <testcase classname="pkg1.new_groups" name="t3" time="0.001"/>
  <testcase classname="pkg1.new_groups" name="t4" time="0.001"/>
</testsuite> <!-- Parameter Test -->
